# JRE version: OpenJDK Runtime Environment Temurin-17.0.12+7 (17.0.12+7) (build 17.0.12+7)
# Java VM: OpenJDK 64-Bit Server VM Temurin-17.0.12+7 (17.0.12+7, mixed mode, emulated-client, tiered, compressed oops, compressed class ptrs, g1 gc, windows-amd64)
GC Precious Log:
 CPUs: 8 total, 8 available
 Memory: 7834M
 Large Page Support: Disabled
 NUMA Support: Disabled
 Compressed Oops: Enabled (32-bit)
 Heap Region Size: 1M
 Heap Min Capacity: 8M
 Heap Initial Capacity: 124M
 Heap Max Capacity: 1G
 Pre-touch: Disabled
 Parallel Workers: 8
 Concurrent Workers: 2
 Concurrent Refinement Workers: 8
 Periodic GC: Disabled
Heap:
 garbage-first heap   total 135168K, used 42681K [0x00000000c0000000, 0x0000000100000000)
  region size 1024K, 1 young (1024K), 0 survivors (0K)
 Metaspace       used 63332K, committed 63808K, reserved 1114112K
  class space    used 8132K, committed 8384K, reserved 1048576K
GC Heap History (20 events):
Event: 25118.604 GC heap after
{Heap after GC invocations=2152 (full 1972):
 garbage-first heap   total 135168K, used 47591K [0x00000000c0000000, 0x0000000100000000)
  region size 1024K, 5 young (5120K), 5 survivors (5120K)
 Metaspace       used 63306K, committed 63808K, reserved 1114112K
  class space    used 8128K, committed 8384K, reserved 1048576K
}
Event: 25123.599 GC heap before
{Heap before GC invocations=2152 (full 1972):
 garbage-first heap   total 135168K, used 112103K [0x00000000c0000000, 0x0000000100000000)
  region size 1024K, 68 young (69632K), 5 survivors (5120K)
 Metaspace       used 63327K, committed 63808K, reserved 1114112K
  class space    used 8132K, committed 8384K, reserved 1048576K
}
Event: 25123.602 GC heap after
{Heap after GC invocations=2153 (full 1972):
 garbage-first heap   total 135168K, used 48684K [0x00000000c0000000, 0x0000000100000000)
  region size 1024K, 6 young (6144K), 6 survivors (6144K)
 Metaspace       used 63327K, committed 63808K, reserved 1114112K
  class space    used 8132K, committed 8384K, reserved 1048576K
}
Event: 25130.994 GC heap before
{Heap before GC invocations=2153 (full 1972):
 garbage-first heap   total 135168K, used 110124K [0x00000000c0000000, 0x0000000100000000)
  region size 1024K, 67 young (68608K), 6 survivors (6144K)
 Metaspace       used 63327K, committed 63808K, reserved 1114112K
  class space    used 8132K, committed 8384K, reserved 1048576K
}
Event: 25131.000 GC heap after
{Heap after GC invocations=2154 (full 1972):
 garbage-first heap   total 135168K, used 48690K [0x00000000c0000000, 0x0000000100000000)
  region size 1024K, 4 young (4096K), 4 survivors (4096K)
 Metaspace       used 63327K, committed 63808K, reserved 1114112K
  class space    used 8132K, committed 8384K, reserved 1048576K
}
Event: 25137.130 GC heap before
{Heap before GC invocations=2154 (full 1972):
 garbage-first heap   total 135168K, used 110130K [0x00000000c0000000, 0x0000000100000000)
  region size 1024K, 64 young (65536K), 4 survivors (4096K)
 Metaspace       used 63327K, committed 63808K, reserved 1114112K
  class space    used 8132K, committed 8384K, reserved 1048576K
}
Event: 25137.133 GC heap after
{Heap after GC invocations=2155 (full 1972):
 garbage-first heap   total 135168K, used 48214K [0x00000000c0000000, 0x0000000100000000)
  region size 1024K, 3 young (3072K), 3 survivors (3072K)
 Metaspace       used 63327K, committed 63808K, reserved 1114112K
  class space    used 8132K, committed 8384K, reserved 1048576K
}
Event: 25139.793 GC heap before
{Heap before GC invocations=2155 (full 1972):
 garbage-first heap   total 135168K, used 111702K [0x00000000c0000000, 0x0000000100000000)
  region size 1024K, 65 young (66560K), 3 survivors (3072K)
 Metaspace       used 63327K, committed 63808K, reserved 1114112K
  class space    used 8132K, committed 8384K, reserved 1048576K
}
Event: 25139.795 GC heap after
{Heap after GC invocations=2156 (full 1972):
 garbage-first heap   total 135168K, used 47812K [0x00000000c0000000, 0x0000000100000000)
  region size 1024K, 3 young (3072K), 3 survivors (3072K)
 Metaspace       used 63327K, committed 63808K, reserved 1114112K
  class space    used 8132K, committed 8384K, reserved 1048576K
}
Event: 25142.153 GC heap before
{Heap before GC invocations=2156 (full 1972):
 garbage-first heap   total 135168K, used 111300K [0x00000000c0000000, 0x0000000100000000)
  region size 1024K, 66 young (67584K), 3 survivors (3072K)
 Metaspace       used 63327K, committed 63808K, reserved 1114112K
  class space    used 8132K, committed 8384K, reserved 1048576K
}
Event: 25142.157 GC heap after
{Heap after GC invocations=2157 (full 1972):
 garbage-first heap   total 135168K, used 47717K [0x00000000c0000000, 0x0000000100000000)
  region size 1024K, 3 young (3072K), 3 survivors (3072K)
 Metaspace       used 63327K, committed 63808K, reserved 1114112K
  class space    used 8132K, committed 8384K, reserved 1048576K
}
Event: 25147.412 GC heap before
{Heap before GC invocations=2157 (full 1972):
 garbage-first heap   total 135168K, used 112229K [0x00000000c0000000, 0x0000000100000000)
  region size 1024K, 66 young (67584K), 3 survivors (3072K)
 Metaspace       used 63327K, committed 63808K, reserved 1114112K
  class space    used 8132K, committed 8384K, reserved 1048576K
}
Event: 25147.415 GC heap after
{Heap after GC invocations=2158 (full 1972):
 garbage-first heap   total 135168K, used 48459K [0x00000000c0000000, 0x0000000100000000)
  region size 1024K, 4 young (4096K), 4 survivors (4096K)
 Metaspace       used 63327K, committed 63808K, reserved 1114112K
  class space    used 8132K, committed 8384K, reserved 1048576K
}
Event: 25155.807 GC heap before
{Heap before GC invocations=2158 (full 1972):
 garbage-first heap   total 135168K, used 111947K [0x00000000c0000000, 0x0000000100000000)
  region size 1024K, 67 young (68608K), 4 survivors (4096K)
 Metaspace       used 63327K, committed 63808K, reserved 1114112K
  class space    used 8132K, committed 8384K, reserved 1048576K
}
Event: 25155.809 GC heap after
{Heap after GC invocations=2159 (full 1972):
 garbage-first heap   total 135168K, used 46576K [0x00000000c0000000, 0x0000000100000000)
  region size 1024K, 2 young (2048K), 2 survivors (2048K)
 Metaspace       used 63327K, committed 63808K, reserved 1114112K
  class space    used 8132K, committed 8384K, reserved 1048576K
}
Event: 25300.416 GC heap before
{Heap before GC invocations=2159 (full 1972):
 garbage-first heap   total 135168K, used 98800K [0x00000000c0000000, 0x0000000100000000)
  region size 1024K, 55 young (56320K), 2 survivors (2048K)
 Metaspace       used 63332K, committed 63808K, reserved 1114112K
  class space    used 8132K, committed 8384K, reserved 1048576K
}
Event: 25300.722 GC heap after
{Heap after GC invocations=2160 (full 1973):
 garbage-first heap   total 135168K, used 44297K [0x00000000c0000000, 0x0000000100000000)
  region size 1024K, 0 young (0K), 0 survivors (0K)
 Metaspace       used 63332K, committed 63808K, reserved 1114112K
  class space    used 8132K, committed 8384K, reserved 1048576K
}
Event: 25371.360 GC heap before
{Heap before GC invocations=2160 (full 1973):
 garbage-first heap   total 135168K, used 47369K [0x00000000c0000000, 0x0000000100000000)
  region size 1024K, 4 young (4096K), 0 survivors (0K)
 Metaspace       used 63332K, committed 63808K, reserved 1114112K
  class space    used 8132K, committed 8384K, reserved 1048576K
}
Event: 25372.129 GC heap after
{Heap after GC invocations=2161 (full 1974):
 garbage-first heap   total 135168K, used 42681K [0x00000000c0000000, 0x0000000100000000)
  region size 1024K, 0 young (0K), 0 survivors (0K)
 Metaspace       used 63332K, committed 63808K, reserved 1114112K
  class space    used 8132K, committed 8384K, reserved 1048576K
}
Event: 25383.527 GC heap before
{Heap before GC invocations=2161 (full 1974):
 garbage-first heap   total 135168K, used 42681K [0x00000000c0000000, 0x0000000100000000)
  region size 1024K, 1 young (1024K), 0 survivors (0K)
 Metaspace       used 63332K, committed 63808K, reserved 1114112K
  class space    used 8132K, committed 8384K, reserved 1048576K
}

